<html>
<head>
<title>TestNG:  Test TestNG</title>
<link href="../testng.css" rel="stylesheet" type="text/css" />
<link href="../my-testng.css" rel="stylesheet" type="text/css" />

<style type="text/css">
.log { display: none;} 
.stack-trace { display: none;} 
</style>
<script type="text/javascript">
<!--
function flip(e) {
  current = e.style.display;
  if (current == 'block') {
    e.style.display = 'none';
    return 0;
  }
  else {
    e.style.display = 'block';
    return 1;
  }
}

function toggleBox(szDivId, elem, msg1, msg2)
{
  var res = -1;  if (document.getElementById) {
    res = flip(document.getElementById(szDivId));
  }
  else if (document.all) {
    // this is the way old msie versions work
    res = flip(document.all[szDivId]);
  }
  if(elem) {
    if(res == 0) elem.innerHTML = msg1; else elem.innerHTML = msg2;
  }

}

function toggleAllBoxes() {
  if (document.getElementsByTagName) {
    d = document.getElementsByTagName('div');
    for (i = 0; i < d.length; i++) {
      if (d[i].className == 'log') {
        flip(d[i]);
      }
    }
  }
}

// -->
</script>

</head>
<body>
<h2 align='center'>Test TestNG</h2><table border='1' align="center">
<tr>
<td>Tests passed/Failed/Skipped:</td><td>21/1/0</td>
</tr><tr>
<td>Started on:</td><td>Tue Jun 05 13:09:10 CDT 2018</td>
</tr>
<tr><td>Total time:</td><td>87 seconds (87401 ms)</td>
</tr><tr>
<td>Included groups:</td><td></td>
</tr><tr>
<td>Excluded groups:</td><td></td>
</tr>
</table><p/>
<small><i>(Hover the method name to see the test class name)</i></small><p/>
<table width='100%' border='1' class='invocation-failed'>
<tr><td colspan='4' align='center'><b>FAILED TESTS</b></td></tr>
<tr><td><b>Test method</b></td>
<td width="30%"><b>Exception</b></td>
<td width="10%"><b>Time (seconds)</b></td>
<td><b>Instance</b></td>
</tr>
<tr>
<td title='com.testng.FirstTestCase.Test()'><b>Test</b><br>Test class: com.testng.FirstTestCase</td>
<td><div><pre>org.openqa.selenium.WebDriverException: 
Build info: version: &apos;unknown&apos;, revision: &apos;unknown&apos;, time: &apos;unknown&apos;
System info: host: &apos;TQL5625G&apos;, ip: &apos;10.218.109.189&apos;, os.name: &apos;Windows 7&apos;, os.arch: &apos;amd64&apos;, os.version: &apos;6.1&apos;, java.version: &apos;1.8.0_172&apos;
Driver info: org.openqa.selenium.firefox.FirefoxDriver
Capabilities [{moz:profile=C:\Users\uidq3530\AppData\Local\Temp\rust_mozprofile.ibQwS0oQwsXu, rotatable=false, timeouts={implicit=0.0, pageLoad=300000.0, script=30000.0}, pageLoadStrategy=normal, moz:headless=false, platform=ANY, specificationLevel=0.0, moz:accessibilityChecks=false, acceptInsecureCerts=false, browserVersion=56.0.2, platformVersion=6.1, moz:processID=56808.0, browserName=firefox, javascriptEnabled=true, platformName=windows_nt}]
Session ID: 48eeba03-f1f2-4a42-9cbb-f517f924811e
	at org.openqa.selenium.remote.http.W3CHttpResponseCodec.createException(W3CHttpResponseCodec.java:185)
	at org.openqa.selenium.remote.http.W3CHttpResponseCodec.decode(W3CHttpResponseCodec.java:120)
	at org.openqa.selenium.remote.http.W3CHttpResponseCodec.decode(W3CHttpResponseCodec.java:49)
	at org.openqa.selenium.remote.HttpCommandExecutor.execute(HttpCommandExecutor.java:164)
	at org.openqa.selenium.remote.service.DriverCommandExecutor.execute(DriverCommandExecutor.java:82)
	at org.openqa.selenium.remote.RemoteWebDriver.execute(RemoteWebDriver.java:641)
	at org.openqa.selenium.remote.RemoteWebElement.execute(RemoteWebElement.java:275)
	at org.openqa.selenium.remote.RemoteWebElement.click(RemoteWebElement.java:82)
	at com.testng.FirstTestCase.Test(FirstTestCase.java:43)
... Removed 29 stack frames</pre></div><a href='#' onClick='toggleBox("stack-trace722951168", this, "Click to show all stack frames", "Click to hide stack frames")'>Click to show all stack frames</a>
<div class='stack-trace' id='stack-trace722951168'><pre>org.openqa.selenium.WebDriverException: 
Build info: version: &apos;unknown&apos;, revision: &apos;unknown&apos;, time: &apos;unknown&apos;
System info: host: &apos;TQL5625G&apos;, ip: &apos;10.218.109.189&apos;, os.name: &apos;Windows 7&apos;, os.arch: &apos;amd64&apos;, os.version: &apos;6.1&apos;, java.version: &apos;1.8.0_172&apos;
Driver info: org.openqa.selenium.firefox.FirefoxDriver
Capabilities [{moz:profile=C:\Users\uidq3530\AppData\Local\Temp\rust_mozprofile.ibQwS0oQwsXu, rotatable=false, timeouts={implicit=0.0, pageLoad=300000.0, script=30000.0}, pageLoadStrategy=normal, moz:headless=false, platform=ANY, specificationLevel=0.0, moz:accessibilityChecks=false, acceptInsecureCerts=false, browserVersion=56.0.2, platformVersion=6.1, moz:processID=56808.0, browserName=firefox, javascriptEnabled=true, platformName=windows_nt}]
Session ID: 48eeba03-f1f2-4a42-9cbb-f517f924811e
	at sun.reflect.NativeConstructorAccessorImpl.newInstance0(Native Method)
	at sun.reflect.NativeConstructorAccessorImpl.newInstance(NativeConstructorAccessorImpl.java:62)
	at sun.reflect.DelegatingConstructorAccessorImpl.newInstance(DelegatingConstructorAccessorImpl.java:45)
	at java.lang.reflect.Constructor.newInstance(Constructor.java:423)
	at org.openqa.selenium.remote.http.W3CHttpResponseCodec.createException(W3CHttpResponseCodec.java:185)
	at org.openqa.selenium.remote.http.W3CHttpResponseCodec.decode(W3CHttpResponseCodec.java:120)
	at org.openqa.selenium.remote.http.W3CHttpResponseCodec.decode(W3CHttpResponseCodec.java:49)
	at org.openqa.selenium.remote.HttpCommandExecutor.execute(HttpCommandExecutor.java:164)
	at org.openqa.selenium.remote.service.DriverCommandExecutor.execute(DriverCommandExecutor.java:82)
	at org.openqa.selenium.remote.RemoteWebDriver.execute(RemoteWebDriver.java:641)
	at org.openqa.selenium.remote.RemoteWebElement.execute(RemoteWebElement.java:275)
	at org.openqa.selenium.remote.RemoteWebElement.click(RemoteWebElement.java:82)
	at com.testng.FirstTestCase.Test(FirstTestCase.java:43)
	at sun.reflect.NativeMethodAccessorImpl.invoke0(Native Method)
	at sun.reflect.NativeMethodAccessorImpl.invoke(NativeMethodAccessorImpl.java:62)
	at sun.reflect.DelegatingMethodAccessorImpl.invoke(DelegatingMethodAccessorImpl.java:43)
	at java.lang.reflect.Method.invoke(Method.java:498)
	at org.testng.internal.MethodInvocationHelper.invokeMethod(MethodInvocationHelper.java:124)
	at org.testng.internal.Invoker.invokeMethod(Invoker.java:580)
	at org.testng.internal.Invoker.invokeTestMethod(Invoker.java:716)
	at org.testng.internal.Invoker.invokeTestMethods(Invoker.java:988)
	at org.testng.internal.TestMethodWorker.invokeTestMethods(TestMethodWorker.java:125)
	at org.testng.internal.TestMethodWorker.run(TestMethodWorker.java:109)
	at org.testng.TestRunner.privateRun(TestRunner.java:648)
	at org.testng.TestRunner.run(TestRunner.java:505)
	at org.testng.SuiteRunner.runTest(SuiteRunner.java:455)
	at org.testng.SuiteRunner.runSequentially(SuiteRunner.java:450)
	at org.testng.SuiteRunner.privateRun(SuiteRunner.java:415)
	at org.testng.SuiteRunner.run(SuiteRunner.java:364)
	at org.testng.SuiteRunnerWorker.runSuite(SuiteRunnerWorker.java:52)
	at org.testng.SuiteRunnerWorker.run(SuiteRunnerWorker.java:84)
	at org.testng.TestNG.runSuitesSequentially(TestNG.java:1208)
	at org.testng.TestNG.runSuitesLocally(TestNG.java:1137)
	at org.testng.TestNG.runSuites(TestNG.java:1049)
	at org.testng.TestNG.run(TestNG.java:1017)
	at org.testng.remote.AbstractRemoteTestNG.run(AbstractRemoteTestNG.java:114)
	at org.testng.remote.RemoteTestNG.initAndRun(RemoteTestNG.java:251)
	at org.testng.remote.RemoteTestNG.main(RemoteTestNG.java:77)
</pre></div></td>
<td>4</td>
<td>com.testng.FirstTestCase@569cfc36</td></tr>
</table><p>
<table width='100%' border='1' class='invocation-passed'>
<tr><td colspan='4' align='center'><b>PASSED TESTS</b></td></tr>
<tr><td><b>Test method</b></td>
<td width="30%"><b>Exception</b></td>
<td width="10%"><b>Time (seconds)</b></td>
<td><b>Instance</b></td>
</tr>
<tr>
<td title='com.testng.TestNgFeatures.HomePageTest()'><b>HomePageTest</b><br>Test class: com.testng.TestNgFeatures</td>
<td></td>
<td>0</td>
<td>com.testng.TestNgFeatures@7cbd213e</td></tr>
<tr>
<td title='com.testng.TestNgFeatures.RegPageTest()'><b>RegPageTest</b><br>Test class: com.testng.TestNgFeatures</td>
<td></td>
<td>0</td>
<td>com.testng.TestNgFeatures@7cbd213e</td></tr>
<tr>
<td title='com.testng.TestNgFeatures.SearchPage()'><b>SearchPage</b><br>Test class: com.testng.TestNgFeatures</td>
<td></td>
<td>0</td>
<td>com.testng.TestNgFeatures@7cbd213e</td></tr>
<tr>
<td title='com.testng.TestNGBasics.googleLogoTest()'><b>googleLogoTest</b><br>Test class: com.testng.TestNGBasics</td>
<td></td>
<td>0</td>
<td>com.testng.TestNGBasics@42eca56e</td></tr>
<tr>
<td title='com.testng.GoogleTest.googleTitleTest()'><b>googleTitleTest</b><br>Test class: com.testng.GoogleTest</td>
<td></td>
<td>0</td>
<td>com.testng.GoogleTest@64f6106c</td></tr>
<tr>
<td title='com.testng.GoogleTitleTest.googleTitleTest()'><b>googleTitleTest</b><br>Test class: com.testng.GoogleTitleTest</td>
<td></td>
<td>0</td>
<td>com.testng.GoogleTitleTest@553a3d88</td></tr>
<tr>
<td title='com.testng.TestNGBasics.googleTittleTest()'><b>googleTittleTest</b><br>Test class: com.testng.TestNGBasics</td>
<td></td>
<td>0</td>
<td>com.testng.TestNGBasics@42eca56e</td></tr>
<tr>
<td title='com.testng.TestNgFeatures.loginTest()'><b>loginTest</b><br>Test class: com.testng.TestNgFeatures</td>
<td></td>
<td>0</td>
<td>com.testng.TestNgFeatures@7cbd213e</td></tr>
<tr>
<td title='com.testng.TestNGBasics.searchTest()'><b>searchTest</b><br>Test class: com.testng.TestNGBasics</td>
<td></td>
<td>0</td>
<td>com.testng.TestNGBasics@42eca56e</td></tr>
<tr>
<td title='com.testng.InvocationCountTest.sum()'><b>sum</b><br>Test class: com.testng.InvocationCountTest</td>
<td></td>
<td>0</td>
<td>com.testng.InvocationCountTest@33723e30</td></tr>
<tr>
<td title='com.testng.InvocationCountTest.sum()'><b>sum</b><br>Test class: com.testng.InvocationCountTest</td>
<td></td>
<td>0</td>
<td>com.testng.InvocationCountTest@33723e30</td></tr>
<tr>
<td title='com.testng.InvocationCountTest.sum()'><b>sum</b><br>Test class: com.testng.InvocationCountTest</td>
<td></td>
<td>0</td>
<td>com.testng.InvocationCountTest@33723e30</td></tr>
<tr>
<td title='com.testng.InvocationCountTest.sum()'><b>sum</b><br>Test class: com.testng.InvocationCountTest</td>
<td></td>
<td>0</td>
<td>com.testng.InvocationCountTest@33723e30</td></tr>
<tr>
<td title='com.testng.InvocationCountTest.sum()'><b>sum</b><br>Test class: com.testng.InvocationCountTest</td>
<td></td>
<td>0</td>
<td>com.testng.InvocationCountTest@33723e30</td></tr>
<tr>
<td title='com.testng.InvocationCountTest.sum()'><b>sum</b><br>Test class: com.testng.InvocationCountTest</td>
<td></td>
<td>0</td>
<td>com.testng.InvocationCountTest@33723e30</td></tr>
<tr>
<td title='com.testng.InvocationCountTest.sum()'><b>sum</b><br>Test class: com.testng.InvocationCountTest</td>
<td></td>
<td>0</td>
<td>com.testng.InvocationCountTest@33723e30</td></tr>
<tr>
<td title='com.testng.InvocationCountTest.sum()'><b>sum</b><br>Test class: com.testng.InvocationCountTest</td>
<td></td>
<td>0</td>
<td>com.testng.InvocationCountTest@33723e30</td></tr>
<tr>
<td title='com.testng.InvocationCountTest.sum()'><b>sum</b><br>Test class: com.testng.InvocationCountTest</td>
<td></td>
<td>0</td>
<td>com.testng.InvocationCountTest@33723e30</td></tr>
<tr>
<td title='com.testng.InvocationCountTest.sum()'><b>sum</b><br>Test class: com.testng.InvocationCountTest</td>
<td></td>
<td>0</td>
<td>com.testng.InvocationCountTest@33723e30</td></tr>
<tr>
<td title='com.testng.ExceptionTimeOutTest.test1()'><b>test1</b><br>Test class: com.testng.ExceptionTimeOutTest</td>
<td><div><pre>java.lang.NumberFormatException: For input string: &quot;100A&quot;
	at java.lang.NumberFormatException.forInputString(NumberFormatException.java:65)
	at java.lang.Integer.parseInt(Integer.java:580)
	at java.lang.Integer.parseInt(Integer.java:615)
	at com.testng.ExceptionTimeOutTest.test1(ExceptionTimeOutTest.java:19)
... Removed 25 stack frames</pre></div><a href='#' onClick='toggleBox("stack-trace756185697", this, "Click to show all stack frames", "Click to hide stack frames")'>Click to show all stack frames</a>
<div class='stack-trace' id='stack-trace756185697'><pre>java.lang.NumberFormatException: For input string: &quot;100A&quot;
	at java.lang.NumberFormatException.forInputString(NumberFormatException.java:65)
	at java.lang.Integer.parseInt(Integer.java:580)
	at java.lang.Integer.parseInt(Integer.java:615)
	at com.testng.ExceptionTimeOutTest.test1(ExceptionTimeOutTest.java:19)
	at sun.reflect.NativeMethodAccessorImpl.invoke0(Native Method)
	at sun.reflect.NativeMethodAccessorImpl.invoke(NativeMethodAccessorImpl.java:62)
	at sun.reflect.DelegatingMethodAccessorImpl.invoke(DelegatingMethodAccessorImpl.java:43)
	at java.lang.reflect.Method.invoke(Method.java:498)
	at org.testng.internal.MethodInvocationHelper.invokeMethod(MethodInvocationHelper.java:124)
	at org.testng.internal.Invoker.invokeMethod(Invoker.java:580)
	at org.testng.internal.Invoker.invokeTestMethod(Invoker.java:716)
	at org.testng.internal.Invoker.invokeTestMethods(Invoker.java:988)
	at org.testng.internal.TestMethodWorker.invokeTestMethods(TestMethodWorker.java:125)
	at org.testng.internal.TestMethodWorker.run(TestMethodWorker.java:109)
	at org.testng.TestRunner.privateRun(TestRunner.java:648)
	at org.testng.TestRunner.run(TestRunner.java:505)
	at org.testng.SuiteRunner.runTest(SuiteRunner.java:455)
	at org.testng.SuiteRunner.runSequentially(SuiteRunner.java:450)
	at org.testng.SuiteRunner.privateRun(SuiteRunner.java:415)
	at org.testng.SuiteRunner.run(SuiteRunner.java:364)
	at org.testng.SuiteRunnerWorker.runSuite(SuiteRunnerWorker.java:52)
	at org.testng.SuiteRunnerWorker.run(SuiteRunnerWorker.java:84)
	at org.testng.TestNG.runSuitesSequentially(TestNG.java:1208)
	at org.testng.TestNG.runSuitesLocally(TestNG.java:1137)
	at org.testng.TestNG.runSuites(TestNG.java:1049)
	at org.testng.TestNG.run(TestNG.java:1017)
	at org.testng.remote.AbstractRemoteTestNG.run(AbstractRemoteTestNG.java:114)
	at org.testng.remote.RemoteTestNG.initAndRun(RemoteTestNG.java:251)
	at org.testng.remote.RemoteTestNG.main(RemoteTestNG.java:77)
</pre></div></td>
<td>0</td>
<td>com.testng.ExceptionTimeOutTest@52f759d7</td></tr>
<tr>
<td title='com.testng.CatchingExceptiontestNG.twitterTest()'><b>twitterTest</b><br>Test class: com.testng.CatchingExceptiontestNG</td>
<td></td>
<td>21</td>
<td>com.testng.CatchingExceptiontestNG@43bd930a</td></tr>
</table><p>
</body>
</html>