<?xml version="1.0" encoding="UTF-8"?>
<!-- Generated by org.testng.reporters.JUnitXMLReporter -->
<testsuite hostname="TQL5625G" ignored="0" name="Test TestNG" tests="22" failures="1" timestamp="05 jun 2018 18:10:38 GMT" time="87.401" errors="0">
  <testcase name="test1" time="0.02" classname="com.testng.ExceptionTimeOutTest"/>
  <testcase name="loginTest" time="0.0" classname="com.testng.TestNgFeatures"/>
  <testcase name="HomePageTest" time="0.0" classname="com.testng.TestNgFeatures"/>
  <testcase name="RegPageTest" time="0.0" classname="com.testng.TestNgFeatures"/>
  <testcase name="SearchPage" time="0.0" classname="com.testng.TestNgFeatures"/>
  <testcase name="Test" time="4.691" classname="com.testng.FirstTestCase">
    <failure type="org.openqa.selenium.WebDriverException" message="
Build info: version: &amp;apos;unknown&amp;apos;, revision: &amp;apos;unknown&amp;apos;, time: &amp;apos;unknown&amp;apos;
System info: host: &amp;apos;TQL5625G&amp;apos;, ip: &amp;apos;10.218.109.189&amp;apos;, os.name: &amp;apos;Windows 7&amp;apos;, os.arch: &amp;apos;amd64&amp;apos;, os.version: &amp;apos;6.1&amp;apos;, java.version: &amp;apos;1.8.0_172&amp;apos;
Driver info: org.openqa.selenium.firefox.FirefoxDriver
Capabilities [{moz:profile=C:\Users\uidq3530\AppData\Local\Temp\rust_mozprofile.ibQwS0oQwsXu, rotatable=false, timeouts={implicit=0.0, pageLoad=300000.0, script=30000.0}, pageLoadStrategy=normal, moz:headless=false, platform=ANY, specificationLevel=0.0, moz:accessibilityChecks=false, acceptInsecureCerts=false, browserVersion=56.0.2, platformVersion=6.1, moz:processID=56808.0, browserName=firefox, javascriptEnabled=true, platformName=windows_nt}]
Session ID: 48eeba03-f1f2-4a42-9cbb-f517f924811e">
      <![CDATA[org.openqa.selenium.WebDriverException: 
Build info: version: 'unknown', revision: 'unknown', time: 'unknown'
System info: host: 'TQL5625G', ip: '10.218.109.189', os.name: 'Windows 7', os.arch: 'amd64', os.version: '6.1', java.version: '1.8.0_172'
Driver info: org.openqa.selenium.firefox.FirefoxDriver
Capabilities [{moz:profile=C:\Users\uidq3530\AppData\Local\Temp\rust_mozprofile.ibQwS0oQwsXu, rotatable=false, timeouts={implicit=0.0, pageLoad=300000.0, script=30000.0}, pageLoadStrategy=normal, moz:headless=false, platform=ANY, specificationLevel=0.0, moz:accessibilityChecks=false, acceptInsecureCerts=false, browserVersion=56.0.2, platformVersion=6.1, moz:processID=56808.0, browserName=firefox, javascriptEnabled=true, platformName=windows_nt}]
Session ID: 48eeba03-f1f2-4a42-9cbb-f517f924811e
at org.openqa.selenium.remote.http.W3CHttpResponseCodec.createException(W3CHttpResponseCodec.java:185)
at org.openqa.selenium.remote.http.W3CHttpResponseCodec.decode(W3CHttpResponseCodec.java:120)
at org.openqa.selenium.remote.http.W3CHttpResponseCodec.decode(W3CHttpResponseCodec.java:49)
at org.openqa.selenium.remote.HttpCommandExecutor.execute(HttpCommandExecutor.java:164)
at org.openqa.selenium.remote.service.DriverCommandExecutor.execute(DriverCommandExecutor.java:82)
at org.openqa.selenium.remote.RemoteWebDriver.execute(RemoteWebDriver.java:641)
at org.openqa.selenium.remote.RemoteWebElement.execute(RemoteWebElement.java:275)
at org.openqa.selenium.remote.RemoteWebElement.click(RemoteWebElement.java:82)
at com.testng.FirstTestCase.Test(FirstTestCase.java:43)
... Removed 29 stack frames]]>
    </failure>
  </testcase> <!-- Test -->
  <testcase name="twitterTest" time="21.051" classname="com.testng.CatchingExceptiontestNG"/>
  <testcase name="sum" time="0.0" classname="com.testng.InvocationCountTest"/>
  <testcase name="sum" time="0.0" classname="com.testng.InvocationCountTest"/>
  <testcase name="sum" time="0.0" classname="com.testng.InvocationCountTest"/>
  <testcase name="sum" time="0.0" classname="com.testng.InvocationCountTest"/>
  <testcase name="sum" time="0.0" classname="com.testng.InvocationCountTest"/>
  <testcase name="sum" time="0.0" classname="com.testng.InvocationCountTest"/>
  <testcase name="sum" time="0.0" classname="com.testng.InvocationCountTest"/>
  <testcase name="sum" time="0.0" classname="com.testng.InvocationCountTest"/>
  <testcase name="sum" time="0.0" classname="com.testng.InvocationCountTest"/>
  <testcase name="sum" time="0.0" classname="com.testng.InvocationCountTest"/>
  <testcase name="googleLogoTest" time="0.0" classname="com.testng.TestNGBasics"/>
  <testcase name="googleTittleTest" time="0.0" classname="com.testng.TestNGBasics"/>
  <testcase name="searchTest" time="0.0" classname="com.testng.TestNGBasics"/>
  <testcase name="googleTitleTest" time="0.01" classname="com.testng.GoogleTest"/>
  <testcase name="googleTitleTest" time="0.016" classname="com.testng.GoogleTitleTest"/>
</testsuite> <!-- Test TestNG -->
