<?xml version="1.0" encoding="UTF-8"?>
<!-- Generated by org.testng.reporters.JUnitXMLReporter -->
<testsuite hostname="TQL5625G" ignored="0" name="TestNG App Test" tests="16" failures="1" timestamp="31 may 2018 22:34:31 GMT" time="36.437" errors="0">
  <testcase name="test1" time="0.005" classname="com.testng.ExceptionTimeOutTest"/>
  <testcase name="Test" time="4.775" classname="com.testng.FirstTestCase">
    <failure type="org.openqa.selenium.WebDriverException" message="
Build info: version: &amp;apos;unknown&amp;apos;, revision: &amp;apos;unknown&amp;apos;, time: &amp;apos;unknown&amp;apos;
System info: host: &amp;apos;TQL5625G&amp;apos;, ip: &amp;apos;10.218.109.189&amp;apos;, os.name: &amp;apos;Windows 7&amp;apos;, os.arch: &amp;apos;amd64&amp;apos;, os.version: &amp;apos;6.1&amp;apos;, java.version: &amp;apos;1.8.0_172&amp;apos;
Driver info: org.openqa.selenium.firefox.FirefoxDriver
Capabilities [{moz:profile=C:\Users\uidq3530\AppData\Local\Temp\rust_mozprofile.L8DjIkXw61do, rotatable=false, timeouts={implicit=0.0, pageLoad=300000.0, script=30000.0}, pageLoadStrategy=normal, moz:headless=false, platform=ANY, specificationLevel=0.0, moz:accessibilityChecks=false, acceptInsecureCerts=false, browserVersion=56.0.2, platformVersion=6.1, moz:processID=24504.0, browserName=firefox, javascriptEnabled=true, platformName=windows_nt}]
Session ID: 034cc57a-4167-4627-9743-96538b4b1cf7">
      <![CDATA[org.openqa.selenium.WebDriverException: 
Build info: version: 'unknown', revision: 'unknown', time: 'unknown'
System info: host: 'TQL5625G', ip: '10.218.109.189', os.name: 'Windows 7', os.arch: 'amd64', os.version: '6.1', java.version: '1.8.0_172'
Driver info: org.openqa.selenium.firefox.FirefoxDriver
Capabilities [{moz:profile=C:\Users\uidq3530\AppData\Local\Temp\rust_mozprofile.L8DjIkXw61do, rotatable=false, timeouts={implicit=0.0, pageLoad=300000.0, script=30000.0}, pageLoadStrategy=normal, moz:headless=false, platform=ANY, specificationLevel=0.0, moz:accessibilityChecks=false, acceptInsecureCerts=false, browserVersion=56.0.2, platformVersion=6.1, moz:processID=24504.0, browserName=firefox, javascriptEnabled=true, platformName=windows_nt}]
Session ID: 034cc57a-4167-4627-9743-96538b4b1cf7
at org.openqa.selenium.remote.http.W3CHttpResponseCodec.createException(W3CHttpResponseCodec.java:185)
at org.openqa.selenium.remote.http.W3CHttpResponseCodec.decode(W3CHttpResponseCodec.java:120)
at org.openqa.selenium.remote.http.W3CHttpResponseCodec.decode(W3CHttpResponseCodec.java:49)
at org.openqa.selenium.remote.HttpCommandExecutor.execute(HttpCommandExecutor.java:164)
at org.openqa.selenium.remote.service.DriverCommandExecutor.execute(DriverCommandExecutor.java:82)
at org.openqa.selenium.remote.RemoteWebDriver.execute(RemoteWebDriver.java:641)
at org.openqa.selenium.remote.RemoteWebElement.execute(RemoteWebElement.java:275)
at org.openqa.selenium.remote.RemoteWebElement.click(RemoteWebElement.java:82)
at com.testng.FirstTestCase.Test(FirstTestCase.java:43)
... Removed 29 stack frames]]>
    </failure>
  </testcase> <!-- Test -->
  <testcase name="sum" time="0.0" classname="com.testng.InvocationCountTest"/>
  <testcase name="sum" time="0.0" classname="com.testng.InvocationCountTest"/>
  <testcase name="sum" time="0.0" classname="com.testng.InvocationCountTest"/>
  <testcase name="sum" time="0.0" classname="com.testng.InvocationCountTest"/>
  <testcase name="sum" time="0.0" classname="com.testng.InvocationCountTest"/>
  <testcase name="sum" time="0.001" classname="com.testng.InvocationCountTest"/>
  <testcase name="sum" time="0.001" classname="com.testng.InvocationCountTest"/>
  <testcase name="sum" time="0.001" classname="com.testng.InvocationCountTest"/>
  <testcase name="sum" time="0.002" classname="com.testng.InvocationCountTest"/>
  <testcase name="sum" time="0.001" classname="com.testng.InvocationCountTest"/>
  <testcase name="googleLogoTest" time="0.002" classname="com.testng.TestNGBasics"/>
  <testcase name="googleTittleTest" time="0.001" classname="com.testng.TestNGBasics"/>
  <testcase name="searchTest" time="0.0" classname="com.testng.TestNGBasics"/>
  <testcase name="loginTest" time="0.005" classname="com.testng.TestNgFeatures"/>
</testsuite> <!-- TestNG App Test -->
