<?xml version="1.0" encoding="UTF-8"?>
<!-- Generated by org.testng.reporters.JUnitXMLReporter -->
<testsuite hostname="TQL5625G" ignored="0" name="Gmail Parameter Feature Test" tests="1" failures="1" timestamp="23 may 2018 17:29:52 GMT" time="0.028" errors="0">
  <testcase name="gmailLogin" time="0.0" classname="com.parameters.ParameterTest">
    <failure type="org.testng.TestNGException" message="
Parameter &amp;apos;Url&amp;apos; is required by @Test on method gmailLogin but has not been marked @Optional or defined
in C:\SeleniumJava\CourseNaveen\testngParameter.xml">
      <![CDATA[org.testng.TestNGException: 
Parameter 'Url' is required by @Test on method gmailLogin but has not been marked @Optional or defined
in C:\SeleniumJava\CourseNaveen\testngParameter.xml
... Removed 24 stack frames]]>
    </failure>
  </testcase> <!-- gmailLogin -->
</testsuite> <!-- Gmail Parameter Feature Test -->
